

***********************************************************************
Fatal NI connect error 12543, connecting to:
 (DESCRIPTION=(ADDRESS=(PROTOCOL=TCP)(HOST=103.160.120.173)(PORT=1521))(CONNECT_DATA=(SERVICE_NAME=cmm1)(CID=(PROGRAM=E:\vss\Edwetl\Edwetl\bin\Release\Edwetl.vshost.exe)(HOST=QICHAOPU-PC)(USER=qichaopu))))

  VERSION INFORMATION:
	TNS for 32-bit Windows: Version 10.2.0.3.0 - Production
	Windows NT TCP/IP NT Protocol Adapter for 32-bit Windows: Version 10.2.0.3.0 - Production
  Time: 08-JUL-2015 13:26:02
  Tracing not turned on.
  Tns error struct:
    ns main err code: 12543
    TNS-12543: Message 12543 not found; No message file for product=NETWORK, facility=TNS
    ns secondary err code: 12560
    nt main err code: 513
    TNS-00513: Message 513 not found; No message file for product=NETWORK, facility=TNS
    nt secondary err code: 51
    nt OS err code: 0


***********************************************************************
Fatal NI connect error 12541, connecting to:
 (DESCRIPTION=(ADDRESS=(PROTOCOL=TCP)(HOST=103.160.120.173)(PORT=1521))(CONNECT_DATA=(SERVICE_NAME=cmm2)(CID=(PROGRAM=E:\vss\Edwetl\Edwetl\bin\Release\Edwetl.exe)(HOST=QICHAOPU-PC)(USER=qichaopu))))

  VERSION INFORMATION:
	TNS for 32-bit Windows: Version 10.2.0.3.0 - Production
	Windows NT TCP/IP NT Protocol Adapter for 32-bit Windows: Version 10.2.0.3.0 - Production
  Time: 10-SEP-2015 08:32:57
  Tracing not turned on.
  Tns error struct:
    ns main err code: 12541
    TNS-12541: Message 12541 not found; No message file for product=NETWORK, facility=TNS
    ns secondary err code: 12560
    nt main err code: 511
    TNS-00511: Message 511 not found; No message file for product=NETWORK, facility=TNS
    nt secondary err code: 61
    nt OS err code: 0
